{
  "stats": {
    "suites": 8,
    "tests": 16,
    "passes": 15,
    "pending": 0,
    "failures": 1,
    "start": "2022-01-06T07:09:53.660Z",
    "end": "2022-01-06T07:10:19.924Z",
    "duration": 26264,
    "testsRegistered": 16,
    "passPercent": 93.75,
    "pendingPercent": 0,
    "other": 0,
    "hasOther": false,
    "skipped": 0,
    "hasSkipped": false
  },
  "results": [
    {
      "uuid": "ce53b8f5-9870-4bc9-af7a-2e36e2fa4c55",
      "title": "",
      "fullFile": "",
      "file": "",
      "beforeHooks": [],
      "afterHooks": [],
      "tests": [],
      "suites": [
        {
          "uuid": "17615e4b-b60d-4d54-8c07-f76bf23abf70",
          "title": "User posts",
          "fullFile": "C:\\Users\\xkarimjonov\\super-api-tests\\test\\posts.js",
          "file": "\\test\\posts.js",
          "beforeHooks": [
            {
              "title": "\"before all\" hook in \"User posts\"",
              "fullTitle": "User posts \"before all\" hook in \"User posts\"",
              "timedOut": false,
              "duration": 1647,
              "state": null,
              "speed": null,
              "pass": false,
              "fail": false,
              "pending": false,
              "context": null,
              "code": "var self = this,\n    args = arguments;\nreturn new Promise(function (resolve, reject) {\n  var gen = fn.apply(self, args);\n  function _next(value) {\n    asyncGeneratorStep(gen, resolve, reject, _next, _throw, \"next\", value);\n  }\n  function _throw(err) {\n    asyncGeneratorStep(gen, resolve, reject, _next, _throw, \"throw\", err);\n  }\n  _next(undefined);\n});",
              "err": {},
              "uuid": "183acf6f-ff3e-474f-a0e4-4f6597802453",
              "parentUUID": "17615e4b-b60d-4d54-8c07-f76bf23abf70",
              "isHook": true,
              "skipped": false
            }
          ],
          "afterHooks": [],
          "tests": [
            {
              "title": "/posts",
              "fullTitle": "User posts /posts",
              "timedOut": false,
              "duration": 1477,
              "state": "passed",
              "speed": "slow",
              "pass": true,
              "fail": false,
              "pending": false,
              "context": null,
              "code": "var self = this,\n    args = arguments;\nreturn new Promise(function (resolve, reject) {\n  var gen = fn.apply(self, args);\n  function _next(value) {\n    asyncGeneratorStep(gen, resolve, reject, _next, _throw, \"next\", value);\n  }\n  function _throw(err) {\n    asyncGeneratorStep(gen, resolve, reject, _next, _throw, \"throw\", err);\n  }\n  _next(undefined);\n});",
              "err": {},
              "uuid": "d935581f-9677-4ace-b476-eebffbd3bfb2",
              "parentUUID": "17615e4b-b60d-4d54-8c07-f76bf23abf70",
              "isHook": false,
              "skipped": false
            },
            {
              "title": "Get posts/id",
              "fullTitle": "User posts Get posts/id",
              "timedOut": false,
              "duration": 1453,
              "state": "passed",
              "speed": "slow",
              "pass": true,
              "fail": false,
              "pending": false,
              "context": null,
              "code": "var self = this,\n    args = arguments;\nreturn new Promise(function (resolve, reject) {\n  var gen = fn.apply(self, args);\n  function _next(value) {\n    asyncGeneratorStep(gen, resolve, reject, _next, _throw, \"next\", value);\n  }\n  function _throw(err) {\n    asyncGeneratorStep(gen, resolve, reject, _next, _throw, \"throw\", err);\n  }\n  _next(undefined);\n});",
              "err": {},
              "uuid": "a03dd1fb-0751-401a-b6be-162171ed3bfc",
              "parentUUID": "17615e4b-b60d-4d54-8c07-f76bf23abf70",
              "isHook": false,
              "skipped": false
            }
          ],
          "suites": [],
          "passes": [
            "d935581f-9677-4ace-b476-eebffbd3bfb2",
            "a03dd1fb-0751-401a-b6be-162171ed3bfc"
          ],
          "failures": [],
          "pending": [],
          "skipped": [],
          "duration": 2930,
          "root": false,
          "rootEmpty": false,
          "_timeout": 10000
        },
        {
          "uuid": "b065713e-8889-4158-ab5c-bf1b8433471a",
          "title": "Negative tests",
          "fullFile": "C:\\Users\\xkarimjonov\\super-api-tests\\test\\posts.js",
          "file": "\\test\\posts.js",
          "beforeHooks": [
            {
              "title": "\"before all\" hook in \"Negative tests\"",
              "fullTitle": "Negative tests \"before all\" hook in \"Negative tests\"",
              "timedOut": false,
              "duration": 1440,
              "state": null,
              "speed": null,
              "pass": false,
              "fail": false,
              "pending": false,
              "context": null,
              "code": "var self = this,\n    args = arguments;\nreturn new Promise(function (resolve, reject) {\n  var gen = fn.apply(self, args);\n  function _next(value) {\n    asyncGeneratorStep(gen, resolve, reject, _next, _throw, \"next\", value);\n  }\n  function _throw(err) {\n    asyncGeneratorStep(gen, resolve, reject, _next, _throw, \"throw\", err);\n  }\n  _next(undefined);\n});",
              "err": {},
              "uuid": "b9ad6bda-2aef-49e6-b448-c999c1499594",
              "parentUUID": "b065713e-8889-4158-ab5c-bf1b8433471a",
              "isHook": true,
              "skipped": false
            }
          ],
          "afterHooks": [],
          "tests": [
            {
              "title": "401 autentification failed",
              "fullTitle": "Negative tests 401 autentification failed",
              "timedOut": false,
              "duration": 1412,
              "state": "passed",
              "speed": "slow",
              "pass": true,
              "fail": false,
              "pending": false,
              "context": null,
              "code": "var self = this,\n    args = arguments;\nreturn new Promise(function (resolve, reject) {\n  var gen = fn.apply(self, args);\n  function _next(value) {\n    asyncGeneratorStep(gen, resolve, reject, _next, _throw, \"next\", value);\n  }\n  function _throw(err) {\n    asyncGeneratorStep(gen, resolve, reject, _next, _throw, \"throw\", err);\n  }\n  _next(undefined);\n});",
              "err": {},
              "uuid": "4a00c661-b295-4f58-a592-0c5f68d05eb3",
              "parentUUID": "b065713e-8889-4158-ab5c-bf1b8433471a",
              "isHook": false,
              "skipped": false
            },
            {
              "title": "422 validation failed",
              "fullTitle": "Negative tests 422 validation failed",
              "timedOut": false,
              "duration": 1491,
              "state": "passed",
              "speed": "slow",
              "pass": true,
              "fail": false,
              "pending": false,
              "context": null,
              "code": "var self = this,\n    args = arguments;\nreturn new Promise(function (resolve, reject) {\n  var gen = fn.apply(self, args);\n  function _next(value) {\n    asyncGeneratorStep(gen, resolve, reject, _next, _throw, \"next\", value);\n  }\n  function _throw(err) {\n    asyncGeneratorStep(gen, resolve, reject, _next, _throw, \"throw\", err);\n  }\n  _next(undefined);\n});",
              "err": {},
              "uuid": "21debec9-16ec-40ff-be15-ebaa5261b761",
              "parentUUID": "b065713e-8889-4158-ab5c-bf1b8433471a",
              "isHook": false,
              "skipped": false
            }
          ],
          "suites": [],
          "passes": [
            "4a00c661-b295-4f58-a592-0c5f68d05eb3",
            "21debec9-16ec-40ff-be15-ebaa5261b761"
          ],
          "failures": [],
          "pending": [],
          "skipped": [],
          "duration": 2903,
          "root": false,
          "rootEmpty": false,
          "_timeout": 2000
        },
        {
          "uuid": "a38b82c7-4feb-42f8-b5b0-9555933b3af7",
          "title": "Users",
          "fullFile": "C:\\Users\\xkarimjonov\\super-api-tests\\test\\users.advanced.js",
          "file": "\\test\\users.advanced.js",
          "beforeHooks": [],
          "afterHooks": [],
          "tests": [],
          "suites": [
            {
              "uuid": "96d8ebda-7052-47e1-ad80-7bc5a6d3785a",
              "title": "POST",
              "fullFile": "C:\\Users\\xkarimjonov\\super-api-tests\\test\\users.advanced.js",
              "file": "\\test\\users.advanced.js",
              "beforeHooks": [],
              "afterHooks": [],
              "tests": [
                {
                  "title": "/users",
                  "fullTitle": "Users POST /users",
                  "timedOut": false,
                  "duration": 1499,
                  "state": "passed",
                  "speed": "slow",
                  "pass": true,
                  "fail": false,
                  "pending": false,
                  "context": null,
                  "code": "var self = this,\n    args = arguments;\nreturn new Promise(function (resolve, reject) {\n  var gen = fn.apply(self, args);\n  function _next(value) {\n    asyncGeneratorStep(gen, resolve, reject, _next, _throw, \"next\", value);\n  }\n  function _throw(err) {\n    asyncGeneratorStep(gen, resolve, reject, _next, _throw, \"throw\", err);\n  }\n  _next(undefined);\n});",
                  "err": {},
                  "uuid": "0a63b2e0-461a-4060-9513-de4c193fac8c",
                  "parentUUID": "96d8ebda-7052-47e1-ad80-7bc5a6d3785a",
                  "isHook": false,
                  "skipped": false
                }
              ],
              "suites": [],
              "passes": [
                "0a63b2e0-461a-4060-9513-de4c193fac8c"
              ],
              "failures": [],
              "pending": [],
              "skipped": [],
              "duration": 1499,
              "root": false,
              "rootEmpty": false,
              "_timeout": 2000
            },
            {
              "uuid": "ca039488-f1aa-4fb7-a97a-95a601cd49c2",
              "title": "GET",
              "fullFile": "C:\\Users\\xkarimjonov\\super-api-tests\\test\\users.advanced.js",
              "file": "\\test\\users.advanced.js",
              "beforeHooks": [],
              "afterHooks": [],
              "tests": [
                {
                  "title": "/users",
                  "fullTitle": "Users GET /users",
                  "timedOut": false,
                  "duration": 1445,
                  "state": "passed",
                  "speed": "slow",
                  "pass": true,
                  "fail": false,
                  "pending": false,
                  "context": null,
                  "code": "var self = this,\n    args = arguments;\nreturn new Promise(function (resolve, reject) {\n  var gen = fn.apply(self, args);\n  function _next(value) {\n    asyncGeneratorStep(gen, resolve, reject, _next, _throw, \"next\", value);\n  }\n  function _throw(err) {\n    asyncGeneratorStep(gen, resolve, reject, _next, _throw, \"throw\", err);\n  }\n  _next(undefined);\n});",
                  "err": {},
                  "uuid": "ed2b5f7d-7847-46c3-a92b-63096a3ed2ce",
                  "parentUUID": "ca039488-f1aa-4fb7-a97a-95a601cd49c2",
                  "isHook": false,
                  "skipped": false
                },
                {
                  "title": "/users/id",
                  "fullTitle": "Users GET /users/id",
                  "timedOut": false,
                  "duration": 1411,
                  "state": "passed",
                  "speed": "slow",
                  "pass": true,
                  "fail": false,
                  "pending": false,
                  "context": null,
                  "code": "var self = this,\n    args = arguments;\nreturn new Promise(function (resolve, reject) {\n  var gen = fn.apply(self, args);\n  function _next(value) {\n    asyncGeneratorStep(gen, resolve, reject, _next, _throw, \"next\", value);\n  }\n  function _throw(err) {\n    asyncGeneratorStep(gen, resolve, reject, _next, _throw, \"throw\", err);\n  }\n  _next(undefined);\n});",
                  "err": {},
                  "uuid": "6bef96e0-2981-496e-8905-383ef6bc6a2c",
                  "parentUUID": "ca039488-f1aa-4fb7-a97a-95a601cd49c2",
                  "isHook": false,
                  "skipped": false
                },
                {
                  "title": "/users with query params",
                  "fullTitle": "Users GET /users with query params",
                  "timedOut": false,
                  "duration": 1502,
                  "state": "passed",
                  "speed": "slow",
                  "pass": true,
                  "fail": false,
                  "pending": false,
                  "context": null,
                  "code": "var self = this,\n    args = arguments;\nreturn new Promise(function (resolve, reject) {\n  var gen = fn.apply(self, args);\n  function _next(value) {\n    asyncGeneratorStep(gen, resolve, reject, _next, _throw, \"next\", value);\n  }\n  function _throw(err) {\n    asyncGeneratorStep(gen, resolve, reject, _next, _throw, \"throw\", err);\n  }\n  _next(undefined);\n});",
                  "err": {},
                  "uuid": "823285ab-3b01-4416-bc25-6e994553ea41",
                  "parentUUID": "ca039488-f1aa-4fb7-a97a-95a601cd49c2",
                  "isHook": false,
                  "skipped": false
                }
              ],
              "suites": [],
              "passes": [
                "ed2b5f7d-7847-46c3-a92b-63096a3ed2ce",
                "6bef96e0-2981-496e-8905-383ef6bc6a2c",
                "823285ab-3b01-4416-bc25-6e994553ea41"
              ],
              "failures": [],
              "pending": [],
              "skipped": [],
              "duration": 4358,
              "root": false,
              "rootEmpty": false,
              "_timeout": 2000
            },
            {
              "uuid": "37e7d702-9407-491a-ac46-019243b788c5",
              "title": "PUT",
              "fullFile": "C:\\Users\\xkarimjonov\\super-api-tests\\test\\users.advanced.js",
              "file": "\\test\\users.advanced.js",
              "beforeHooks": [],
              "afterHooks": [],
              "tests": [
                {
                  "title": "/users/id",
                  "fullTitle": "Users PUT /users/id",
                  "timedOut": false,
                  "duration": 1460,
                  "state": "passed",
                  "speed": "slow",
                  "pass": true,
                  "fail": false,
                  "pending": false,
                  "context": null,
                  "code": "var self = this,\n    args = arguments;\nreturn new Promise(function (resolve, reject) {\n  var gen = fn.apply(self, args);\n  function _next(value) {\n    asyncGeneratorStep(gen, resolve, reject, _next, _throw, \"next\", value);\n  }\n  function _throw(err) {\n    asyncGeneratorStep(gen, resolve, reject, _next, _throw, \"throw\", err);\n  }\n  _next(undefined);\n});",
                  "err": {},
                  "uuid": "a34fce8c-8209-4b90-8fc5-7ade70700a55",
                  "parentUUID": "37e7d702-9407-491a-ac46-019243b788c5",
                  "isHook": false,
                  "skipped": false
                }
              ],
              "suites": [],
              "passes": [
                "a34fce8c-8209-4b90-8fc5-7ade70700a55"
              ],
              "failures": [],
              "pending": [],
              "skipped": [],
              "duration": 1460,
              "root": false,
              "rootEmpty": false,
              "_timeout": 2000
            },
            {
              "uuid": "08370a57-d935-4038-8b46-9de8de080a81",
              "title": "DELETE",
              "fullFile": "C:\\Users\\xkarimjonov\\super-api-tests\\test\\users.advanced.js",
              "file": "\\test\\users.advanced.js",
              "beforeHooks": [],
              "afterHooks": [],
              "tests": [
                {
                  "title": "/users/:id",
                  "fullTitle": "Users DELETE /users/:id",
                  "timedOut": false,
                  "duration": 1430,
                  "state": "passed",
                  "speed": "slow",
                  "pass": true,
                  "fail": false,
                  "pending": false,
                  "context": null,
                  "code": "var self = this,\n    args = arguments;\nreturn new Promise(function (resolve, reject) {\n  var gen = fn.apply(self, args);\n  function _next(value) {\n    asyncGeneratorStep(gen, resolve, reject, _next, _throw, \"next\", value);\n  }\n  function _throw(err) {\n    asyncGeneratorStep(gen, resolve, reject, _next, _throw, \"throw\", err);\n  }\n  _next(undefined);\n});",
                  "err": {},
                  "uuid": "e13e43b0-76ef-4be3-bf32-0873cc96d52d",
                  "parentUUID": "08370a57-d935-4038-8b46-9de8de080a81",
                  "isHook": false,
                  "skipped": false
                }
              ],
              "suites": [],
              "passes": [
                "e13e43b0-76ef-4be3-bf32-0873cc96d52d"
              ],
              "failures": [],
              "pending": [],
              "skipped": [],
              "duration": 1430,
              "root": false,
              "rootEmpty": false,
              "_timeout": 2000
            }
          ],
          "passes": [],
          "failures": [],
          "pending": [],
          "skipped": [],
          "duration": 0,
          "root": false,
          "rootEmpty": false,
          "_timeout": 2000
        },
        {
          "uuid": "bf795d68-43ef-4912-bb64-ad2bfeb0b50d",
          "title": "Users",
          "fullFile": "C:\\Users\\xkarimjonov\\super-api-tests\\test\\users.js",
          "file": "\\test\\users.js",
          "beforeHooks": [],
          "afterHooks": [],
          "tests": [
            {
              "title": "GET /users",
              "fullTitle": "Users GET /users",
              "timedOut": false,
              "duration": 1430,
              "state": "passed",
              "speed": "slow",
              "pass": true,
              "fail": false,
              "pending": false,
              "context": null,
              "code": "return request.get(\"users?access-token=\".concat(TOKEN)).then(function (res) {\n  (0, _chai.expect)(res.body.data).to.not.be.empty;\n});",
              "err": {},
              "uuid": "cec372e6-a182-4685-9799-f95751a125df",
              "parentUUID": "bf795d68-43ef-4912-bb64-ad2bfeb0b50d",
              "isHook": false,
              "skipped": false
            },
            {
              "title": "GET/users/id",
              "fullTitle": "Users GET/users/id",
              "timedOut": false,
              "duration": 1462,
              "state": "passed",
              "speed": "slow",
              "pass": true,
              "fail": false,
              "pending": false,
              "context": null,
              "code": "return request.get(\"users/4?access-token=\".concat(TOKEN)).then(function (res) {\n  (0, _chai.expect)(res.body.data.id).to.be.eq(4);\n});",
              "err": {},
              "uuid": "acfe96dc-9e1a-4285-b54c-5a1fe3d2e48c",
              "parentUUID": "bf795d68-43ef-4912-bb64-ad2bfeb0b50d",
              "isHook": false,
              "skipped": false
            },
            {
              "title": "GET/users with query params",
              "fullTitle": "Users GET/users with query params",
              "timedOut": false,
              "duration": 1404,
              "state": "passed",
              "speed": "slow",
              "pass": true,
              "fail": false,
              "pending": false,
              "context": null,
              "code": "var url = \"users?access-token=\".concat(TOKEN, \"&page=5&gender=female&status=active\");\nreturn request.get(url).then(function (res) {\n  (0, _chai.expect)(res.body.data).to.not.be.empty;\n  res.body.data.forEach(function (data) {\n    (0, _chai.expect)(data.gender).to.eq('female');\n    (0, _chai.expect)(data.status).to.eq('active');\n  });\n});",
              "err": {},
              "uuid": "174f1f57-e886-461b-8ec9-90023e5fcc18",
              "parentUUID": "bf795d68-43ef-4912-bb64-ad2bfeb0b50d",
              "isHook": false,
              "skipped": false
            },
            {
              "title": "POST /users",
              "fullTitle": "Users POST /users",
              "timedOut": false,
              "duration": 1418,
              "state": "passed",
              "speed": "slow",
              "pass": true,
              "fail": false,
              "pending": false,
              "context": null,
              "code": "var data = {\n  email: \"tez-test\".concat(Math.floor(Math.random() * 9999), \"@mail.by\"),\n  name: 'Sayyora',\n  gender: 'female',\n  status: 'active'\n};\nreturn request.post('users').set(\"Authorization\", \"Bearer \".concat(TOKEN)).send(data).then(function (res) {\n  (0, _chai.expect)(res.body.data).to.deep.include(data);\n});",
              "err": {},
              "uuid": "95305790-57a3-4b57-87a6-9beb22fb521b",
              "parentUUID": "bf795d68-43ef-4912-bb64-ad2bfeb0b50d",
              "isHook": false,
              "skipped": false
            },
            {
              "title": "PUT /users/id",
              "fullTitle": "Users PUT /users/id",
              "timedOut": false,
              "duration": 1440,
              "state": "passed",
              "speed": "slow",
              "pass": true,
              "fail": false,
              "pending": false,
              "context": null,
              "code": "var data = {\n  status: 'active',\n  name: \"Morgen - \".concat(Math.floor(Math.random() * 7777))\n};\nreturn request.put('users/44').set('Authorization', \"Bearer \".concat(TOKEN)).send(data).then(function (res) {\n  console.log(res.body.data);\n  (0, _chai.expect)(res.body.data).to.deep.include(data);\n});",
              "err": {},
              "uuid": "0caa97eb-8dbe-440d-ae3f-c107dc2bde12",
              "parentUUID": "bf795d68-43ef-4912-bb64-ad2bfeb0b50d",
              "isHook": false,
              "skipped": false
            },
            {
              "title": "DELETE /users/:id",
              "fullTitle": "Users DELETE /users/:id",
              "timedOut": false,
              "duration": 1420,
              "state": "failed",
              "speed": null,
              "pass": false,
              "fail": true,
              "pending": false,
              "context": null,
              "code": "return request[\"delete\"]('users/237').set('Authorization', \"Bearer \".concat(TOKEN)).then(function (res) {\n  console.log(res.body.data);\n  (0, _chai.expect)(res.body.data).to.be.eq(undefined);\n});",
              "err": {
                "message": "AssertionError: expected { message: 'Resource not found' } to equal undefined",
                "estack": "AssertionError: expected { message: 'Resource not found' } to equal undefined\n    at C:\\Users\\xkarimjonov\\super-api-tests\\test\\/users.js:71:41\n    at processTicksAndRejections (internal/process/task_queues.js:95:5)",
                "diff": null
              },
              "uuid": "b5ac2a33-a329-44b2-bb15-6459f0990677",
              "parentUUID": "bf795d68-43ef-4912-bb64-ad2bfeb0b50d",
              "isHook": false,
              "skipped": false
            }
          ],
          "suites": [],
          "passes": [
            "cec372e6-a182-4685-9799-f95751a125df",
            "acfe96dc-9e1a-4285-b54c-5a1fe3d2e48c",
            "174f1f57-e886-461b-8ec9-90023e5fcc18",
            "95305790-57a3-4b57-87a6-9beb22fb521b",
            "0caa97eb-8dbe-440d-ae3f-c107dc2bde12"
          ],
          "failures": [
            "b5ac2a33-a329-44b2-bb15-6459f0990677"
          ],
          "pending": [],
          "skipped": [],
          "duration": 8574,
          "root": false,
          "rootEmpty": false,
          "_timeout": 2000
        }
      ],
      "passes": [],
      "failures": [],
      "pending": [],
      "skipped": [],
      "duration": 0,
      "root": true,
      "rootEmpty": true,
      "_timeout": 2000
    }
  ],
  "meta": {
    "mocha": {
      "version": "9.1.3"
    },
    "mochawesome": {
      "options": {
        "quiet": false,
        "reportFilename": "mochawesome",
        "saveHtml": true,
        "saveJson": true,
        "consoleReporter": "spec",
        "useInlineDiffs": false,
        "code": true
      },
      "version": "7.0.1"
    },
    "marge": {
      "options": null,
      "version": "6.0.1"
    }
  }
}